<?xml version="1.0" encoding="UTF-8"?>
<!-- Generated by org.testng.reporters.JUnitReportReporter -->
<testsuite hostname="BLR1-LHP-N61317" failures="0" tests="2" name="com.qa.testcases.LoginPageTest" time="14.047" errors="0" timestamp="24 Nov 2019 05:32:44 GMT" skipped="1">
  <testcase classname="com.qa.testcases.LoginPageTest" name="validateTitle" time="14.047"/>
  <testcase classname="com.qa.testcases.LoginPageTest" name="validateImage">
    <skipped/>
  </testcase> <!-- validateImage -->
</testsuite> <!-- com.qa.testcases.LoginPageTest -->
