<?xml version="1.0" encoding="UTF-8"?>
<!-- Generated by org.testng.reporters.JUnitReportReporter -->
<testsuite hostname="BLR1-LHP-N61317" failures="0" tests="1" name="com.qa.testcases.ContactsReportPageTest" time="19.042" errors="0" timestamp="18 Sep 2019 11:56:05 GMT" skipped="0">
  <testcase classname="com.qa.testcases.ContactsReportPageTest" name="isSelectContacts" time="19.042"/>
</testsuite> <!-- com.qa.testcases.ContactsReportPageTest -->
