<?xml version="1.0" encoding="UTF-8"?>
<!-- Generated by org.testng.reporters.JUnitReportReporter -->
<testsuite hostname="BLR1-LHP-N61317" failures="0" tests="1" name="com.qa.testcases.ContactsPageTest" time="15.045" errors="0" timestamp="24 Nov 2019 05:32:44 GMT" skipped="0">
  <testcase classname="com.qa.testcases.ContactsPageTest" name="validateFormTitle" time="15.045"/>
</testsuite> <!-- com.qa.testcases.ContactsPageTest -->
